<?xml version="1.0" encoding="UTF-8"?>
<!-- Generated by org.testng.reporters.JUnitReportReporter -->
<testsuite hostname="DESKTOP-M23QG9B" failures="0" tests="4" name="bdd.runners.TestRunner" time="50.248" errors="0" timestamp="2025-10-16T16:45:04 GMT-04:00" skipped="0">
  <testcase classname="bdd.runners.TestRunner" name="runScenario" time="9.745"/>
  <testcase classname="bdd.runners.TestRunner" name="runScenario" time="18.775"/>
  <testcase classname="bdd.runners.TestRunner" name="runScenario" time="8.376"/>
  <testcase classname="bdd.runners.TestRunner" name="runScenario" time="13.352"/>
</testsuite> <!-- bdd.runners.TestRunner -->
